#
# There is insufficient memory for the Java Runtime Environment to continue.
# Native memory allocation (mmap) failed to map 268435456 bytes for Failed to commit area from 0x0000000701e00000 to 0x0000000711e00000 of length 268435456.
# Possible reasons:
#   The system is out of physical RAM or swap space
#   The process is running with CompressedOops enabled, and the Java Heap may be blocking the growth of the native heap
# Possible solutions:
#   Reduce memory load on the system
#   Increase physical memory or swap space
#   Check if swap backing store is full
#   Decrease Java heap size (-Xmx/-Xms)
#   Decrease number of Java threads
#   Decrease Java thread stack sizes (-Xss)
#   Set larger code cache with -XX:ReservedCodeCacheSize=
# This output file may be truncated or incomplete.
#
#  Out of Memory Error (src/hotspot/os/windows/os_windows.cpp:3627), pid=2636, tid=9848
#
# JRE version:  (11.0.15) (build )
# Java VM: OpenJDK 64-Bit Server VM (11.0.15+0-b2043.56-9505619, mixed mode, sharing, tiered, compressed oops, g1 gc, windows-amd64)
# No core dump will be written. Minidumps are not enabled by default on client versions of Windows
#

---------------  S U M M A R Y ------------

Command Line: org.jetbrains.kotlin.cli.jvm.K2JVMCompiler @C:\Users\mypc\Desktop\guvenlekirala\guvenlekirala\build\app\20230329_13542908924025982182.compiler.options

Host: Intel(R) Core(TM) i7-9750H CPU @ 2.60GHz, 12 cores, 15G,  Windows 10 , 64 bit Build 19041 (10.0.19041.2546)
Time: Wed Mar 29 17:08:24 2023 Türkiye Standart Saati elapsed time: 0.010956 seconds (0d 0h 0m 0s)

---------------  T H R E A D  ---------------

Current thread (0x00000292329ce000):  JavaThread "Unknown thread" [_thread_in_vm, id=9848, stack(0x000000e7bbb00000,0x000000e7bbc00000)]

Stack: [0x000000e7bbb00000,0x000000e7bbc00000]
Native frames: (J=compiled Java code, j=interpreted, Vv=VM code, C=native code)
V  [jvm.dll+0x64135a]
V  [jvm.dll+0x7d39f9]
V  [jvm.dll+0x7d51b9]
V  [jvm.dll+0x7d58a3]
V  [jvm.dll+0x2691c5]
V  [jvm.dll+0x63e4e9]
V  [jvm.dll+0x632985]
V  [jvm.dll+0x3231ac]
V  [jvm.dll+0x323032]
V  [jvm.dll+0x327c06]
V  [jvm.dll+0x36ffa2]
V  [jvm.dll+0x36fa01]
V  [jvm.dll+0x2fea28]
V  [jvm.dll+0x2ffb25]
V  [jvm.dll+0x7accd7]
V  [jvm.dll+0x7ae49f]
V  [jvm.dll+0x37d299]
V  [jvm.dll+0x78ef9f]
V  [jvm.dll+0x3ec847]
V  [jvm.dll+0x3eed31]
C  [jli.dll+0x52cb]
C  [ucrtbase.dll+0x21bb2]
C  [KERNEL32.DLL+0x17614]
C  [ntdll.dll+0x526a1]


---------------  P R O C E S S  ---------------

Threads class SMR info:
_java_thread_list=0x00000292328f2570, length=0, elements={
}

Java Threads: ( => current thread )

Other Threads:
  0x0000029234c2b800 GCTaskThread "GC Thread#0" [stack: 0x000000e7bbc00000,0x000000e7bbd00000] [id=22716]
  0x0000029234c8a800 ConcurrentGCThread "G1 Main Marker" [stack: 0x000000e7bbd00000,0x000000e7bbe00000] [id=12848]
  0x0000029234c8c000 ConcurrentGCThread "G1 Conc#0" [stack: 0x000000e7bbe00000,0x000000e7bbf00000] [id=13080]

[error occurred during error reporting (printing all threads), id 0xc0000005, EXCEPTION_ACCESS_VIOLATION (0xc0000005) at pc=0x00007ffcd5fff3e7]

VM state:not at safepoint (not fully initialized)

VM Mutex/Monitor currently owned by a thread:  ([mutex/lock_event])
[0x00000292329cb570] Heap_lock - owner thread: 0x00000292329ce000

Heap address: 0x0000000701e00000, size: 4066 MB, Compressed Oops mode: Non-zero based: 0x0000000701e00000
Narrow klass base: 0x0000000000000000, Narrow klass shift: 0

GC Heap History (0 events):
No events

Deoptimization events (0 events):
No events

Classes redefined (0 events):
No events

Internal exceptions (0 events):
No events

Events (1 events):
Event: 0.007 Loaded shared library D:\ProgramDosyalari\AndroidStudio\jbr\bin\zip.dll


Dynamic libraries:
0x00007ff7fa320000 - 0x00007ff7fa32a000 	D:\ProgramDosyalari\AndroidStudio\jbr\bin\java.exe
0x00007ffd0ec30000 - 0x00007ffd0ee28000 	C:\Windows\SYSTEM32\ntdll.dll
0x00007ffd0e840000 - 0x00007ffd0e8ff000 	C:\Windows\System32\KERNEL32.DLL
0x00007ffd0c9a0000 - 0x00007ffd0cc72000 	C:\Windows\System32\KERNELBASE.dll
0x00007ffd0c5c0000 - 0x00007ffd0c6c0000 	C:\Windows\System32\ucrtbase.dll
0x00007ffd05c10000 - 0x00007ffd05c2b000 	D:\ProgramDosyalari\AndroidStudio\jbr\bin\VCRUNTIME140.dll
0x00007ffd060f0000 - 0x00007ffd06107000 	D:\ProgramDosyalari\AndroidStudio\jbr\bin\jli.dll
0x00007ffd0ea40000 - 0x00007ffd0ebe1000 	C:\Windows\System32\USER32.dll
0x00007ffd0c330000 - 0x00007ffd0c352000 	C:\Windows\System32\win32u.dll
0x00007ffcecc50000 - 0x00007ffceceea000 	C:\Windows\WinSxS\amd64_microsoft.windows.common-controls_6595b64144ccf1df_6.0.19041.1110_none_60b5254171f9507e\COMCTL32.dll
0x00007ffd0d940000 - 0x00007ffd0d96b000 	C:\Windows\System32\GDI32.dll
0x00007ffd0df00000 - 0x00007ffd0df9e000 	C:\Windows\System32\msvcrt.dll
0x00007ffd0c360000 - 0x00007ffd0c46f000 	C:\Windows\System32\gdi32full.dll
0x00007ffd0c6c0000 - 0x00007ffd0c75d000 	C:\Windows\System32\msvcp_win.dll
0x00007ffd0d560000 - 0x00007ffd0d590000 	C:\Windows\System32\IMM32.DLL
0x00007ffd098c0000 - 0x00007ffd098cc000 	D:\ProgramDosyalari\AndroidStudio\jbr\bin\vcruntime140_1.dll
0x00007ffce71e0000 - 0x00007ffce726d000 	D:\ProgramDosyalari\AndroidStudio\jbr\bin\msvcp140.dll
0x00007ffcd5cf0000 - 0x00007ffcd68ac000 	D:\ProgramDosyalari\AndroidStudio\jbr\bin\server\jvm.dll
0x00007ffd0d9e0000 - 0x00007ffd0da8e000 	C:\Windows\System32\ADVAPI32.dll
0x00007ffd0de60000 - 0x00007ffd0defc000 	C:\Windows\System32\sechost.dll
0x00007ffd0e900000 - 0x00007ffd0ea24000 	C:\Windows\System32\RPCRT4.dll
0x00007ffd0d5f0000 - 0x00007ffd0d5f8000 	C:\Windows\System32\PSAPI.DLL
0x00007ffd09840000 - 0x00007ffd09849000 	C:\Windows\SYSTEM32\WSOCK32.dll
0x00007ffcf7500000 - 0x00007ffcf7527000 	C:\Windows\SYSTEM32\WINMM.dll
0x00007ffd00f40000 - 0x00007ffd00f4a000 	C:\Windows\SYSTEM32\VERSION.dll
0x00007ffd0d970000 - 0x00007ffd0d9db000 	C:\Windows\System32\WS2_32.dll
0x00007ffd0ab80000 - 0x00007ffd0ab92000 	C:\Windows\SYSTEM32\kernel.appcore.dll
0x00007ffd07690000 - 0x00007ffd076a0000 	D:\ProgramDosyalari\AndroidStudio\jbr\bin\verify.dll
0x00007ffd09fa0000 - 0x00007ffd0a184000 	C:\Windows\SYSTEM32\DBGHELP.DLL
0x00007ffcf5ca0000 - 0x00007ffcf5cd5000 	C:\Windows\SYSTEM32\dbgcore.DLL
0x00007ffd0c530000 - 0x00007ffd0c5b2000 	C:\Windows\System32\bcryptPrimitives.dll
0x00007ffd05bc0000 - 0x00007ffd05be8000 	D:\ProgramDosyalari\AndroidStudio\jbr\bin\java.dll
0x00007ffd05c00000 - 0x00007ffd05c0a000 	D:\ProgramDosyalari\AndroidStudio\jbr\bin\jimage.dll
0x00007ffd05ba0000 - 0x00007ffd05bb8000 	D:\ProgramDosyalari\AndroidStudio\jbr\bin\zip.dll

dbghelp: loaded successfully - version: 4.0.5 - missing functions: none
symbol engine: initialized successfully - sym options: 0x614 - pdb path: .;D:\ProgramDosyalari\AndroidStudio\jbr\bin;C:\Windows\SYSTEM32;C:\Windows\WinSxS\amd64_microsoft.windows.common-controls_6595b64144ccf1df_6.0.19041.1110_none_60b5254171f9507e;D:\ProgramDosyalari\AndroidStudio\jbr\bin\server

VM Arguments:
java_command: org.jetbrains.kotlin.cli.jvm.K2JVMCompiler @C:\Users\mypc\Desktop\guvenlekirala\guvenlekirala\build\app\20230329_13542908924025982182.compiler.options
java_class_path (initial): C:\Users\mypc\.gradle\caches\modules-2\files-2.1\org.jetbrains.kotlin\kotlin-compiler-embeddable\1.7.10\909803167c98606fcf22b4c848647c68e351d48d\kotlin-compiler-embeddable-1.7.10.jar;C:\Users\mypc\.gradle\caches\modules-2\files-2.1\org.jetbrains.kotlin\kotlin-reflect\1.7.10\165e600dfea6185cf5efa700756294cc4904dbeb\kotlin-reflect-1.7.10.jar;C:\Users\mypc\.gradle\caches\modules-2\files-2.1\org.jetbrains.kotlin\kotlin-stdlib\1.7.10\d2abf9e77736acc4450dc4a3f707fa2c10f5099d\kotlin-stdlib-1.7.10.jar;C:\Users\mypc\.gradle\caches\modules-2\files-2.1\org.jetbrains.kotlin\kotlin-script-runtime\1.7.10\c99c87a6988d8fd8d5142e9ed5c9f34a7cf561ee\kotlin-script-runtime-1.7.10.jar;C:\Users\mypc\.gradle\caches\modules-2\files-2.1\org.jetbrains.kotlin\kotlin-daemon-embeddable\1.7.10\3a9f7aef7080d3ae63126cbba4f827ed664f32fa\kotlin-daemon-embeddable-1.7.10.jar;C:\Users\mypc\.gradle\caches\modules-2\files-2.1\org.jetbrains.intellij.deps\trove4j\1.0.20200330\3afb14d5f9ceb459d724e907a21145e8ff394f02\trove4j-1.0.20200330.jar;C:\Users\mypc\.gradle\caches\modules-2\files-2.1\net.java.dev.jna\jna\5.6.0\330f2244e9030119ab3030fc3fededc86713d9cc\jna-5.6.0.jar;C:\Users\mypc\.gradle\caches\modules-2\files-2.1\org.jetbrains.kotlin\kotlin-stdlib-common\1.7.10\bac80c520d0a9e3f3673bc2658c6ed02ef45a76a\kotlin-stdlib-common-1.7.10.jar;C:\Users\mypc\.gradle\caches\modules-2\files-2.1\org.jetbrains\annotations\13.0\919f0dfe192fb4e063e7dacadee7f8bb9a2672a9\annotations-13.0.jar
Launcher Type: SUN_STANDARD

[Global flags]
     intx CICompilerCount                          = 4                                         {product} {ergonomic}
     uint ConcGCThreads                            = 3                                         {product} {ergonomic}
     uint G1ConcRefinementThreads                  = 10                                        {product} {ergonomic}
   size_t G1HeapRegionSize                         = 1048576                                   {product} {ergonomic}
    uintx GCDrainStackTargetSize                   = 64                                        {product} {ergonomic}
   size_t InitialHeapSize                          = 268435456                                 {product} {ergonomic}
   size_t MarkStackSize                            = 4194304                                   {product} {ergonomic}
   size_t MaxHeapSize                              = 4263510016                                {product} {ergonomic}
   size_t MinHeapDeltaBytes                        = 1048576                                   {product} {ergonomic}
    uintx NonNMethodCodeHeapSize                   = 5836300                                {pd product} {ergonomic}
    uintx NonProfiledCodeHeapSize                  = 122910970                              {pd product} {ergonomic}
    uintx ProfiledCodeHeapSize                     = 122910970                              {pd product} {ergonomic}
    uintx ReservedCodeCacheSize                    = 251658240                              {pd product} {ergonomic}
     bool SegmentedCodeCache                       = true                                      {product} {ergonomic}
     bool UseCompressedClassPointers               = true                                 {lp64_product} {ergonomic}
     bool UseCompressedOops                        = true                                 {lp64_product} {ergonomic}
     bool UseG1GC                                  = true                                      {product} {ergonomic}
     bool UseLargePagesIndividualAllocation        = false                                  {pd product} {ergonomic}

Logging:
Log output configuration:
 #0: stdout all=warning uptime,level,tags
 #1: stderr all=off uptime,level,tags

Environment Variables:
JAVA_HOME=D:\ProgramDosyalari\AndroidStudio\jbr
CLASSPATH=C:\Users\mypc\Desktop\guvenlekirala\guvenlekirala\android\\gradle\wrapper\gradle-wrapper.jar
PATH=C:\Windows\system32;C:\Windows;C:\Windows\System32\Wbem;C:\Windows\System32\WindowsPowerShell\v1.0\;C:\Windows\System32\OpenSSH\;C:\Program Files\Microsoft SQL Server\150\Tools\Binn\;C:\Program Files\Microsoft SQL Server\Client SDK\ODBC\170\Tools\Binn\;C:\Program Files\dotnet\;C:\Program Files\NVIDIA Corporation\NVIDIA NvDLISR;C:\Program Files (x86)\NVIDIA Corporation\PhysX\Common;D:\ProgramDosyalari\git\Git\cmd;D:\ProgramDosyalari\nodejs;C:\Users\mypc\AppData\Roaming\npm;C:\Users\mypc\AppData\Local\Microsoft\WindowsApps;D:\ProgramDosyalari\VSCode\Microsoft VS Code\bin;C:\src\flutter\bin;C:\Users\mypc\.dotnet\tools;C:\Users\mypc\AppData\Roaming\npm;C:\src\flutter\bin\mingit\cmd
USERNAME=mypc
OS=Windows_NT
PROCESSOR_IDENTIFIER=Intel64 Family 6 Model 158 Stepping 10, GenuineIntel



---------------  S Y S T E M  ---------------

OS: Windows 10 , 64 bit Build 19041 (10.0.19041.2546)
OS uptime: 8 days 5:04 hours

CPU:total 12 (initial active 12) (6 cores per cpu, 2 threads per core) family 6 model 158 stepping 10 microcode 0xc6, cmov, cx8, fxsr, mmx, sse, sse2, sse3, ssse3, sse4.1, sse4.2, popcnt, avx, avx2, aes, clmul, erms, 3dnowpref, lzcnt, ht, tsc, tscinvbit, bmi1, bmi2, adx, fma

Memory: 4k page, system-wide physical 16263M (496M free)
TotalPageFile size 31525M (AvailPageFile size 195M)
current process WorkingSet (physical memory assigned to process): 10M, peak: 10M
current process commit charge ("private bytes"): 64M, peak: 320M

vm_info: OpenJDK 64-Bit Server VM (11.0.15+0-b2043.56-9505619) for windows-amd64 JRE (11.0.15+0-b2043.56-9505619), built on Jan 19 2023 02:48:00 by "builduser" with unknown MS VC++:1929

END.
